<?xml version="1.0" encoding="UTF-8"?>
<!-- Generated by org.testng.reporters.JUnitReportReporter -->
<testsuite hostname="DDON" name="selenium_api.Topic_01_CheckEnvironment" tests="1" failures="0" timestamp="1 Nov 2018 09:13:43 GMT" time="0.058" errors="0">
  <testcase name="TC_01_CheckTitle" time="0.058" classname="selenium_api.Topic_01_CheckEnvironment"/>
</testsuite> <!-- selenium_api.Topic_01_CheckEnvironment -->
